\BOOKMARK [0][-]{chapter*.4}{LIST OF TABLES}{}% 1
\BOOKMARK [0][-]{chapter*.5}{LIST OF FIGURES}{}% 2
\BOOKMARK [0][-]{chapter.1}{INTRODUCTION}{}% 3
\BOOKMARK [1][-]{section.1.1}{UV-Induced Damages in Humans}{chapter.1}% 4
\BOOKMARK [2][-]{subsection.1.1.1}{Cyclobutene Pyrimidine Dimers \(CPDs\)}{section.1.1}% 5
\BOOKMARK [2][-]{subsection.1.1.2}{Pyrimidine \(6-4\) Pyrimidone Photoproducts [\(6-4\)PPs] and their Dewar Valence Isomers}{section.1.1}% 6
\BOOKMARK [1][-]{section.1.2}{Nucleotide Excision Repair in Humans}{chapter.1}% 7
\BOOKMARK [2][-]{subsection.1.2.1}{Repair of UV-induced damages by Nucleotide Excision Repair}{section.1.2}% 8
\BOOKMARK [3][-]{subsubsection.1.2.1.1}{Damage Recognition}{subsection.1.2.1}% 9
\BOOKMARK [3][-]{subsubsection.1.2.1.2}{Dual Incision and Excision of Damaged Fragment}{subsection.1.2.1}% 10
\BOOKMARK [3][-]{subsubsection.1.2.1.3}{Re-synthesis and Ligation}{subsection.1.2.1}% 11
\BOOKMARK [2][-]{subsection.1.2.2}{NER associated diseases}{section.1.2}% 12
\BOOKMARK [1][-]{section.1.3}{Replication and its contribution to Mutagenesis}{chapter.1}% 13
\BOOKMARK [1][-]{section.1.4}{Mapping Damage Formation and Nucleotide Excision Repair Events using Damage-seq and Excision-seq \(XR-seq\) Methods, Respectively}{chapter.1}% 14
\BOOKMARK [2][-]{subsection.1.4.1}{Damage-seq}{section.1.4}% 15
\BOOKMARK [2][-]{subsection.1.4.2}{Excision-seq \(XR-seq\)}{section.1.4}% 16
\BOOKMARK [0][-]{chapter.2}{RESULTS}{}% 17
\BOOKMARK [1][-]{section.2.1}{Genome-wide mapping of UV-induced damages and their repair synchronized at two stages of the cell cycle: early S phase, and late S phase}{chapter.2}% 18
\BOOKMARK [1][-]{section.2.2}{Early replication domains are repaired more efficiently than late replication domains, however, the repair rate of late replication domains elevates while replication proceeds.}{chapter.2}% 19
\BOOKMARK [1][-]{section.2.3}{Variety of chromatin states are associated with dominant repair.}{chapter.2}% 20
\BOOKMARK [1][-]{section.2.4}{ORIs display distinct melanoma mutation counts and strand asymmetry based on their replication domains.}{chapter.2}% 21
\BOOKMARK [1][-]{section.2.5}{Asymmetric damage around initiation zones causes asymmetric repair profiles.}{chapter.2}% 22
\BOOKMARK [1][-]{section.2.6}{Strand asymmetry of excision repair rate}{chapter.2}% 23
\BOOKMARK [0][-]{chapter.3}{DISCUSSION}{}% 24
\BOOKMARK [1][-]{section.3.1}{}{chapter.3}% 25
\BOOKMARK [0][-]{section.3.1}{BIBLIOGRAPHY}{}% 26
