\BOOKMARK [0][-]{chapter*.4}{LIST OF TABLES}{}% 1
\BOOKMARK [0][-]{chapter*.5}{LIST OF FIGURES}{}% 2
\BOOKMARK [0][-]{section*.7}{LIST OF ABBREVIATONS}{}% 3
\BOOKMARK [0][-]{chapter.1}{INTRODUCTION}{}% 4
\BOOKMARK [1][-]{section.1.1}{UV-Induced Damages in Humans}{chapter.1}% 5
\BOOKMARK [2][-]{subsection.1.1.1}{Cyclobutene Pyrimidine Dimers \(CPDs\)}{section.1.1}% 6
\BOOKMARK [2][-]{subsection.1.1.2}{Pyrimidine \(6-4\) Pyrimidone Photoproducts [\(6-4\)PPs] and their Dewar Valence Isomers}{section.1.1}% 7
\BOOKMARK [1][-]{section.1.2}{Nucleotide Excision Repair in Humans}{chapter.1}% 8
\BOOKMARK [2][-]{subsection.1.2.1}{Repair of UV-induced damages by Nucleotide Excision Repair}{section.1.2}% 9
\BOOKMARK [3][-]{subsubsection.1.2.1.1}{Damage Recognition}{subsection.1.2.1}% 10
\BOOKMARK [3][-]{subsubsection.1.2.1.2}{Dual Incision and Excision of Damaged Fragment}{subsection.1.2.1}% 11
\BOOKMARK [3][-]{subsubsection.1.2.1.3}{Re-synthesis and Ligation}{subsection.1.2.1}% 12
\BOOKMARK [2][-]{subsection.1.2.2}{NER associated diseases}{section.1.2}% 13
\BOOKMARK [2][-]{subsection.1.2.3}{Contribution of DNA Excision Repairs to Mutagenesis}{section.1.2}% 14
\BOOKMARK [1][-]{section.1.3}{Replication and its contribution to Mutagenesis}{chapter.1}% 15
\BOOKMARK [1][-]{section.1.4}{Mapping Damage Formation and Nucleotide Excision Repair Events using Damage-seq and Excision-seq \(XR-seq\) Methods, Respectively}{chapter.1}% 16
\BOOKMARK [2][-]{subsection.1.4.1}{Damage-seq}{section.1.4}% 17
\BOOKMARK [2][-]{subsection.1.4.2}{Excision-seq \(XR-seq\)}{section.1.4}% 18
\BOOKMARK [0][-]{chapter.2}{RESULTS}{}% 19
\BOOKMARK [1][-]{section.2.1}{Genome-wide mapping of UV-induced damages and their repair synchronized at two stages of the cell cycle: early S phase, and late S phase}{chapter.2}% 20
\BOOKMARK [1][-]{section.2.2}{Donec Sodales Sagittis Magna}{chapter.2}% 21
\BOOKMARK [2][-]{subsection.2.2.1}{Aenean Vulputate Eleifend Tellus}{section.2.2}% 22
\BOOKMARK [3][-]{subsubsection.2.2.1.1}{Donec vitae sapien ut libero venenatis faucibus}{subsection.2.2.1}% 23
\BOOKMARK [0][-]{figure.caption.10}{BIBLIOGRAPHY}{}% 24
